<?xml version="1.0" encoding="UTF-8"?>
<testng-results ignored="0" total="2" passed="2" failed="0" skipped="0">
  <reporter-output>
  </reporter-output>
  <suite started-at="2025-06-20T15:21:55 IST" name="CrossBrowserTestSuite" finished-at="2025-06-20T15:22:03 IST" duration-ms="8029">
    <groups>
    </groups>
    <test started-at="2025-06-20T15:21:55 IST" name="ChromeTest" finished-at="2025-06-20T15:22:02 IST" duration-ms="7274">
      <class name="tests.LoginTest">
        <test-method is-config="true" signature="setup(java.lang.String)[pri:0, instance:tests.LoginTest@4efbca5a]" started-at="2025-06-20T15:21:55 IST" name="setup" finished-at="2025-06-20T15:22:00 IST" duration-ms="5714" status="PASS">
          <params>
            <param index="0">
              <value>
                <![CDATA[chrome]]>
              </value>
            </param>
          </params>
          <reporter-output>
          </reporter-output>
        </test-method> <!-- setup -->
        <test-method signature="testLogin()[pri:0, instance:tests.LoginTest@4efbca5a]" started-at="2025-06-20T15:22:00 IST" name="testLogin" finished-at="2025-06-20T15:22:01 IST" duration-ms="922" status="PASS">
          <reporter-output>
          </reporter-output>
        </test-method> <!-- testLogin -->
        <test-method is-config="true" signature="tearDown()[pri:0, instance:tests.LoginTest@4efbca5a]" started-at="2025-06-20T15:22:01 IST" name="tearDown" finished-at="2025-06-20T15:22:02 IST" duration-ms="608" status="PASS">
          <reporter-output>
          </reporter-output>
        </test-method> <!-- tearDown -->
      </class> <!-- tests.LoginTest -->
    </test> <!-- ChromeTest -->
    <test started-at="2025-06-20T15:21:55 IST" name="EdgeTest" finished-at="2025-06-20T15:22:03 IST" duration-ms="8029">
      <class name="tests.LoginTest">
        <test-method is-config="true" signature="setup(java.lang.String)[pri:0, instance:tests.LoginTest@38425407]" started-at="2025-06-20T15:21:55 IST" name="setup" finished-at="2025-06-20T15:22:01 IST" duration-ms="6331" status="PASS">
          <params>
            <param index="0">
              <value>
                <![CDATA[edge]]>
              </value>
            </param>
          </params>
          <reporter-output>
          </reporter-output>
        </test-method> <!-- setup -->
        <test-method signature="testLogin()[pri:0, instance:tests.LoginTest@38425407]" started-at="2025-06-20T15:22:01 IST" name="testLogin" finished-at="2025-06-20T15:22:02 IST" duration-ms="972" status="PASS">
          <reporter-output>
          </reporter-output>
        </test-method> <!-- testLogin -->
        <test-method is-config="true" signature="tearDown()[pri:0, instance:tests.LoginTest@38425407]" started-at="2025-06-20T15:22:02 IST" name="tearDown" finished-at="2025-06-20T15:22:03 IST" duration-ms="700" status="PASS">
          <reporter-output>
          </reporter-output>
        </test-method> <!-- tearDown -->
      </class> <!-- tests.LoginTest -->
    </test> <!-- EdgeTest -->
  </suite> <!-- CrossBrowserTestSuite -->
</testng-results>
